<?xml version="1.0" encoding="UTF-8"?>
<!-- Generated by org.testng.reporters.JUnitReportReporter -->
<testsuite hostname="LAPTOP-MOMFRD5S" failures="0" tests="2" name="TestPack1.Test2" time="16.079" errors="0" timestamp="2022-06-12T20:38:35 IST" skipped="0">
  <testcase classname="TestPack1.Test2" name="test3" time="8.285"/>
  <system-out/>
  <testcase classname="TestPack1.Test2" name="test3" time="7.794"/>
  <system-out/>
</testsuite> <!-- TestPack1.Test2 -->
